0 info it worked if it ends with ok
1 verbose cli [ '/usr/bin/node', '/usr/local/bin/npm', 'link' ]
2 info using npm@3.5.2
3 info using node@v8.10.0
4 verbose linkPkg /home/hassane/code/Npm/superman
5 silly gentlyRm /usr/local/lib/node_modules/Superman is being purged
6 verbose gentlyRm don't care about contents; nuking /usr/local/lib/node_modules/Superman
7 verbose link build target /usr/local/lib/node_modules/Superman
8 silly loadCurrentTree Starting
9 silly install loadCurrentTree
10 silly install readLocalPackageData
11 silly install normalizeTree
12 silly loadCurrentTree Finishing
13 silly loadIdealTree Starting
14 silly install loadIdealTree
15 silly cloneCurrentTree Starting
16 silly install cloneCurrentTreeToIdealTree
17 silly cloneCurrentTree Finishing
18 silly loadShrinkwrap Starting
19 silly install loadShrinkwrap
20 silly loadShrinkwrap Finishing
21 silly loadAllDepsIntoIdealTree Starting
22 silly install loadAllDepsIntoIdealTree
23 silly loadAllDepsIntoIdealTree Finishing
24 silly idealTree:prePrune Superman@0.0.1
24 silly idealTree:prePrune ├── @octokit/rest
24 silly idealTree:prePrune ├── @types/node@10.0.7
24 silly idealTree:prePrune ├── abbrev
24 silly idealTree:prePrune ├── agent-base
24 silly idealTree:prePrune ├── ansi-escapes
24 silly idealTree:prePrune ├── ansi-regex
24 silly idealTree:prePrune ├── ansi-styles
24 silly idealTree:prePrune ├── balanced-match
24 silly idealTree:prePrune ├── before-after-hook
24 silly idealTree:prePrune ├── brace-expansion
24 silly idealTree:prePrune ├── btoa-lite
24 silly idealTree:prePrune ├── chalk
24 silly idealTree:prePrune ├── chardet
24 silly idealTree:prePrune ├── clear
24 silly idealTree:prePrune ├── cli-color
24 silly idealTree:prePrune ├── cli-cursor
24 silly idealTree:prePrune ├── cli-width
24 silly idealTree:prePrune ├── clui
24 silly idealTree:prePrune ├── color-convert
24 silly idealTree:prePrune ├── color-name
24 silly idealTree:prePrune ├── commander@2.15.1
24 silly idealTree:prePrune ├── concat-map
24 silly idealTree:prePrune ├── configstore
24 silly idealTree:prePrune ├── crypto-random-string
24 silly idealTree:prePrune ├── d
24 silly idealTree:prePrune ├── debug
24 silly idealTree:prePrune ├── dot-prop
24 silly idealTree:prePrune ├── es5-ext
24 silly idealTree:prePrune ├── es6-iterator
24 silly idealTree:prePrune ├── es6-promise
24 silly idealTree:prePrune ├── es6-promisify
24 silly idealTree:prePrune ├── es6-symbol
24 silly idealTree:prePrune ├── es6-weak-map
24 silly idealTree:prePrune ├── escape-string-regexp
24 silly idealTree:prePrune ├── event-emitter
24 silly idealTree:prePrune ├── external-editor
24 silly idealTree:prePrune ├── figlet
24 silly idealTree:prePrune ├── figures
24 silly idealTree:prePrune ├── fs.realpath
24 silly idealTree:prePrune ├── glob
24 silly idealTree:prePrune ├── graceful-fs
24 silly idealTree:prePrune ├── has-flag
24 silly idealTree:prePrune ├── http-proxy-agent
24 silly idealTree:prePrune ├── https-proxy-agent
24 silly idealTree:prePrune ├── iconv-lite
24 silly idealTree:prePrune ├── imurmurhash
24 silly idealTree:prePrune ├── inflight
24 silly idealTree:prePrune ├── inherits
24 silly idealTree:prePrune ├── inquirer
24 silly idealTree:prePrune ├── interpret
24 silly idealTree:prePrune ├── is-fullwidth-code-point
24 silly idealTree:prePrune ├── is-obj
24 silly idealTree:prePrune ├── is-promise
24 silly idealTree:prePrune ├── lodash
24 silly idealTree:prePrune ├── lru-queue
24 silly idealTree:prePrune ├── make-dir
24 silly idealTree:prePrune ├── memoizee
24 silly idealTree:prePrune ├── mimic-fn
24 silly idealTree:prePrune ├── minimatch
24 silly idealTree:prePrune ├── minimist
24 silly idealTree:prePrune ├── ms
24 silly idealTree:prePrune ├── mute-stream
24 silly idealTree:prePrune ├── next-tick
24 silly idealTree:prePrune ├── node-fetch
24 silly idealTree:prePrune ├── nopt
24 silly idealTree:prePrune ├── once
24 silly idealTree:prePrune ├── onetime
24 silly idealTree:prePrune ├── os-tmpdir
24 silly idealTree:prePrune ├── path-is-absolute
24 silly idealTree:prePrune ├── path-parse
24 silly idealTree:prePrune ├── pify
24 silly idealTree:prePrune ├── rechoir
24 silly idealTree:prePrune ├── resolve
24 silly idealTree:prePrune ├── restore-cursor
24 silly idealTree:prePrune ├── run-async
24 silly idealTree:prePrune ├── rxjs
24 silly idealTree:prePrune ├── safer-buffer
24 silly idealTree:prePrune ├─┬ shelljs@0.8.2
24 silly idealTree:prePrune │ ├── balanced-match@1.0.0
24 silly idealTree:prePrune │ ├── brace-expansion@1.1.11
24 silly idealTree:prePrune │ ├── concat-map@0.0.1
24 silly idealTree:prePrune │ ├── fs.realpath@1.0.0
24 silly idealTree:prePrune │ ├── glob@7.1.2
24 silly idealTree:prePrune │ ├── inflight@1.0.6
24 silly idealTree:prePrune │ ├── inherits@2.0.3
24 silly idealTree:prePrune │ ├── interpret@1.1.0
24 silly idealTree:prePrune │ ├── minimatch@3.0.4
24 silly idealTree:prePrune │ ├── once@1.4.0
24 silly idealTree:prePrune │ ├── path-is-absolute@1.0.1
24 silly idealTree:prePrune │ ├── path-parse@1.0.5
24 silly idealTree:prePrune │ ├── rechoir@0.6.2
24 silly idealTree:prePrune │ ├── resolve@1.7.1
24 silly idealTree:prePrune │ └── wrappy@1.0.2
24 silly idealTree:prePrune ├── signal-exit
24 silly idealTree:prePrune ├── simple-git
24 silly idealTree:prePrune ├── string-width
24 silly idealTree:prePrune ├── strip-ansi
24 silly idealTree:prePrune ├── supports-color
24 silly idealTree:prePrune ├── symbol-observable
24 silly idealTree:prePrune ├── through
24 silly idealTree:prePrune ├── timers-ext
24 silly idealTree:prePrune ├── tmp
24 silly idealTree:prePrune ├── touch
24 silly idealTree:prePrune ├── unique-string
24 silly idealTree:prePrune ├── url-template
24 silly idealTree:prePrune ├── wrappy
24 silly idealTree:prePrune ├── write-file-atomic
24 silly idealTree:prePrune └── xdg-basedir
25 silly loadIdealTree Finishing
26 silly currentTree Superman@0.0.1
26 silly currentTree ├── @octokit/rest
26 silly currentTree ├── @types/node@10.0.7
26 silly currentTree ├── abbrev
26 silly currentTree ├── agent-base
26 silly currentTree ├── ansi-escapes
26 silly currentTree ├── ansi-regex
26 silly currentTree ├── ansi-styles
26 silly currentTree ├── balanced-match
26 silly currentTree ├── before-after-hook
26 silly currentTree ├── brace-expansion
26 silly currentTree ├── btoa-lite
26 silly currentTree ├── chalk
26 silly currentTree ├── chardet
26 silly currentTree ├── clear
26 silly currentTree ├── cli-color
26 silly currentTree ├── cli-cursor
26 silly currentTree ├── cli-width
26 silly currentTree ├── clui
26 silly currentTree ├── color-convert
26 silly currentTree ├── color-name
26 silly currentTree ├── commander@2.15.1
26 silly currentTree ├── concat-map
26 silly currentTree ├── configstore
26 silly currentTree ├── crypto-random-string
26 silly currentTree ├── d
26 silly currentTree ├── debug
26 silly currentTree ├── dot-prop
26 silly currentTree ├── es5-ext
26 silly currentTree ├── es6-iterator
26 silly currentTree ├── es6-promise
26 silly currentTree ├── es6-promisify
26 silly currentTree ├── es6-symbol
26 silly currentTree ├── es6-weak-map
26 silly currentTree ├── escape-string-regexp
26 silly currentTree ├── event-emitter
26 silly currentTree ├── external-editor
26 silly currentTree ├── figlet
26 silly currentTree ├── figures
26 silly currentTree ├── fs.realpath
26 silly currentTree ├── glob
26 silly currentTree ├── graceful-fs
26 silly currentTree ├── has-flag
26 silly currentTree ├── http-proxy-agent
26 silly currentTree ├── https-proxy-agent
26 silly currentTree ├── iconv-lite
26 silly currentTree ├── imurmurhash
26 silly currentTree ├── inflight
26 silly currentTree ├── inherits
26 silly currentTree ├── inquirer
26 silly currentTree ├── interpret
26 silly currentTree ├── is-fullwidth-code-point
26 silly currentTree ├── is-obj
26 silly currentTree ├── is-promise
26 silly currentTree ├── lodash
26 silly currentTree ├── lru-queue
26 silly currentTree ├── make-dir
26 silly currentTree ├── memoizee
26 silly currentTree ├── mimic-fn
26 silly currentTree ├── minimatch
26 silly currentTree ├── minimist
26 silly currentTree ├── ms
26 silly currentTree ├── mute-stream
26 silly currentTree ├── next-tick
26 silly currentTree ├── node-fetch
26 silly currentTree ├── nopt
26 silly currentTree ├── once
26 silly currentTree ├── onetime
26 silly currentTree ├── os-tmpdir
26 silly currentTree ├── path-is-absolute
26 silly currentTree ├── path-parse
26 silly currentTree ├── pify
26 silly currentTree ├── rechoir
26 silly currentTree ├── resolve
26 silly currentTree ├── restore-cursor
26 silly currentTree ├── run-async
26 silly currentTree ├── rxjs
26 silly currentTree ├── safer-buffer
26 silly currentTree ├─┬ shelljs@0.8.2
26 silly currentTree │ ├── balanced-match@1.0.0
26 silly currentTree │ ├── brace-expansion@1.1.11
26 silly currentTree │ ├── concat-map@0.0.1
26 silly currentTree │ ├── fs.realpath@1.0.0
26 silly currentTree │ ├── glob@7.1.2
26 silly currentTree │ ├── inflight@1.0.6
26 silly currentTree │ ├── inherits@2.0.3
26 silly currentTree │ ├── interpret@1.1.0
26 silly currentTree │ ├── minimatch@3.0.4
26 silly currentTree │ ├── once@1.4.0
26 silly currentTree │ ├── path-is-absolute@1.0.1
26 silly currentTree │ ├── path-parse@1.0.5
26 silly currentTree │ ├── rechoir@0.6.2
26 silly currentTree │ ├── resolve@1.7.1
26 silly currentTree │ └── wrappy@1.0.2
26 silly currentTree ├── signal-exit
26 silly currentTree ├── simple-git
26 silly currentTree ├── string-width
26 silly currentTree ├── strip-ansi
26 silly currentTree ├── supports-color
26 silly currentTree ├── symbol-observable
26 silly currentTree ├── through
26 silly currentTree ├── timers-ext
26 silly currentTree ├── tmp
26 silly currentTree ├── touch
26 silly currentTree ├── unique-string
26 silly currentTree ├── url-template
26 silly currentTree ├── wrappy
26 silly currentTree ├── write-file-atomic
26 silly currentTree └── xdg-basedir
27 silly idealTree Superman@0.0.1
27 silly idealTree ├── @octokit/rest
27 silly idealTree ├── @types/node@10.0.7
27 silly idealTree ├── abbrev
27 silly idealTree ├── agent-base
27 silly idealTree ├── ansi-escapes
27 silly idealTree ├── ansi-regex
27 silly idealTree ├── ansi-styles
27 silly idealTree ├── balanced-match
27 silly idealTree ├── before-after-hook
27 silly idealTree ├── brace-expansion
27 silly idealTree ├── btoa-lite
27 silly idealTree ├── chalk
27 silly idealTree ├── chardet
27 silly idealTree ├── clear
27 silly idealTree ├── cli-color
27 silly idealTree ├── cli-cursor
27 silly idealTree ├── cli-width
27 silly idealTree ├── clui
27 silly idealTree ├── color-convert
27 silly idealTree ├── color-name
27 silly idealTree ├── commander@2.15.1
27 silly idealTree ├── concat-map
27 silly idealTree ├── configstore
27 silly idealTree ├── crypto-random-string
27 silly idealTree ├── d
27 silly idealTree ├── debug
27 silly idealTree ├── dot-prop
27 silly idealTree ├── es5-ext
27 silly idealTree ├── es6-iterator
27 silly idealTree ├── es6-promise
27 silly idealTree ├── es6-promisify
27 silly idealTree ├── es6-symbol
27 silly idealTree ├── es6-weak-map
27 silly idealTree ├── escape-string-regexp
27 silly idealTree ├── event-emitter
27 silly idealTree ├── external-editor
27 silly idealTree ├── figlet
27 silly idealTree ├── figures
27 silly idealTree ├── fs.realpath
27 silly idealTree ├── glob
27 silly idealTree ├── graceful-fs
27 silly idealTree ├── has-flag
27 silly idealTree ├── http-proxy-agent
27 silly idealTree ├── https-proxy-agent
27 silly idealTree ├── iconv-lite
27 silly idealTree ├── imurmurhash
27 silly idealTree ├── inflight
27 silly idealTree ├── inherits
27 silly idealTree ├── inquirer
27 silly idealTree ├── interpret
27 silly idealTree ├── is-fullwidth-code-point
27 silly idealTree ├── is-obj
27 silly idealTree ├── is-promise
27 silly idealTree ├── lodash
27 silly idealTree ├── lru-queue
27 silly idealTree ├── make-dir
27 silly idealTree ├── memoizee
27 silly idealTree ├── mimic-fn
27 silly idealTree ├── minimatch
27 silly idealTree ├── minimist
27 silly idealTree ├── ms
27 silly idealTree ├── mute-stream
27 silly idealTree ├── next-tick
27 silly idealTree ├── node-fetch
27 silly idealTree ├── nopt
27 silly idealTree ├── once
27 silly idealTree ├── onetime
27 silly idealTree ├── os-tmpdir
27 silly idealTree ├── path-is-absolute
27 silly idealTree ├── path-parse
27 silly idealTree ├── pify
27 silly idealTree ├── rechoir
27 silly idealTree ├── resolve
27 silly idealTree ├── restore-cursor
27 silly idealTree ├── run-async
27 silly idealTree ├── rxjs
27 silly idealTree ├── safer-buffer
27 silly idealTree ├─┬ shelljs@0.8.2
27 silly idealTree │ ├── balanced-match@1.0.0
27 silly idealTree │ ├── brace-expansion@1.1.11
27 silly idealTree │ ├── concat-map@0.0.1
27 silly idealTree │ ├── fs.realpath@1.0.0
27 silly idealTree │ ├── glob@7.1.2
27 silly idealTree │ ├── inflight@1.0.6
27 silly idealTree │ ├── inherits@2.0.3
27 silly idealTree │ ├── interpret@1.1.0
27 silly idealTree │ ├── minimatch@3.0.4
27 silly idealTree │ ├── once@1.4.0
27 silly idealTree │ ├── path-is-absolute@1.0.1
27 silly idealTree │ ├── path-parse@1.0.5
27 silly idealTree │ ├── rechoir@0.6.2
27 silly idealTree │ ├── resolve@1.7.1
27 silly idealTree │ └── wrappy@1.0.2
27 silly idealTree ├── signal-exit
27 silly idealTree ├── simple-git
27 silly idealTree ├── string-width
27 silly idealTree ├── strip-ansi
27 silly idealTree ├── supports-color
27 silly idealTree ├── symbol-observable
27 silly idealTree ├── through
27 silly idealTree ├── timers-ext
27 silly idealTree ├── tmp
27 silly idealTree ├── touch
27 silly idealTree ├── unique-string
27 silly idealTree ├── url-template
27 silly idealTree ├── wrappy
27 silly idealTree ├── write-file-atomic
27 silly idealTree └── xdg-basedir
28 silly generateActionsToTake Starting
29 silly install generateActionsToTake
30 silly generateActionsToTake Finishing
31 silly diffTrees action count 0
32 silly decomposeActions action count 0
33 silly executeActions Starting
34 silly install executeActions
35 silly doSerial global-install 0
36 silly doParallel fetch 0
37 verbose lock using /home/hassane/.npm/_locks/staging-92ba6652b0f466ac.lock for /home/hassane/code/Npm/superman/node_modules/.staging
38 silly doParallel extract 0
39 silly doParallel preinstall 0
40 silly doReverseSerial remove 0
41 silly doSerial move 0
42 silly doSerial finalize 0
43 silly doSerial build 0
44 silly doSerial global-link 0
45 silly doParallel update-linked 0
46 silly doSerial install 0
47 silly doSerial postinstall 0
48 verbose unlock done using /home/hassane/.npm/_locks/staging-92ba6652b0f466ac.lock for /home/hassane/code/Npm/superman/node_modules/.staging
49 silly executeActions Finishing
50 silly rollbackFailedOptional Starting
51 silly rollbackFailedOptional Finishing
52 silly runTopLevelLifecycles Starting
53 silly install runTopLevelLifecycles
54 silly preinstall Superman@0.0.1 /home/hassane/code/Npm/superman/Superman-db17b77f
55 info lifecycle Superman@0.0.1~preinstall: Superman@0.0.1
56 silly lifecycle Superman@0.0.1~preinstall: no script for preinstall, continuing
57 silly build Superman@0.0.1
58 info linkStuff Superman@0.0.1
59 silly linkStuff Superman@0.0.1 has /home/hassane/code/Npm as its parent node_modules
60 verbose linkBins Superman@0.0.1
61 verbose linkMans Superman@0.0.1
62 silly install Superman@0.0.1 /home/hassane/code/Npm/superman/Superman-db17b77f
63 info lifecycle Superman@0.0.1~install: Superman@0.0.1
64 silly lifecycle Superman@0.0.1~install: no script for install, continuing
65 silly postinstall Superman@0.0.1 /home/hassane/code/Npm/superman/Superman-db17b77f
66 info lifecycle Superman@0.0.1~postinstall: Superman@0.0.1
67 silly lifecycle Superman@0.0.1~postinstall: no script for postinstall, continuing
68 silly prepublish Superman@0.0.1 /home/hassane/code/Npm/superman/Superman-db17b77f
69 info lifecycle Superman@0.0.1~prepublish: Superman@0.0.1
70 silly lifecycle Superman@0.0.1~prepublish: no script for prepublish, continuing
71 silly runTopLevelLifecycles Finishing
72 silly install printInstalled
73 warn enoent ENOENT: no such file or directory, open '/home/hassane/code/Npm/superman/node_modules/@octokit/rest/package.json'
74 warn enoent ENOENT: no such file or directory, open '/home/hassane/code/Npm/superman/node_modules/abbrev/package.json'
75 warn enoent ENOENT: no such file or directory, open '/home/hassane/code/Npm/superman/node_modules/agent-base/package.json'
76 warn enoent ENOENT: no such file or directory, open '/home/hassane/code/Npm/superman/node_modules/ansi-escapes/package.json'
77 warn enoent ENOENT: no such file or directory, open '/home/hassane/code/Npm/superman/node_modules/ansi-regex/package.json'
78 warn enoent ENOENT: no such file or directory, open '/home/hassane/code/Npm/superman/node_modules/ansi-styles/package.json'
79 warn enoent ENOENT: no such file or directory, open '/home/hassane/code/Npm/superman/node_modules/balanced-match/package.json'
80 warn enoent ENOENT: no such file or directory, open '/home/hassane/code/Npm/superman/node_modules/before-after-hook/package.json'
81 warn enoent ENOENT: no such file or directory, open '/home/hassane/code/Npm/superman/node_modules/brace-expansion/package.json'
82 warn enoent ENOENT: no such file or directory, open '/home/hassane/code/Npm/superman/node_modules/btoa-lite/package.json'
83 warn enoent ENOENT: no such file or directory, open '/home/hassane/code/Npm/superman/node_modules/chalk/package.json'
84 warn enoent ENOENT: no such file or directory, open '/home/hassane/code/Npm/superman/node_modules/chardet/package.json'
85 warn enoent ENOENT: no such file or directory, open '/home/hassane/code/Npm/superman/node_modules/clear/package.json'
86 warn enoent ENOENT: no such file or directory, open '/home/hassane/code/Npm/superman/node_modules/cli-color/package.json'
87 warn enoent ENOENT: no such file or directory, open '/home/hassane/code/Npm/superman/node_modules/cli-cursor/package.json'
88 warn enoent ENOENT: no such file or directory, open '/home/hassane/code/Npm/superman/node_modules/cli-width/package.json'
89 warn enoent ENOENT: no such file or directory, open '/home/hassane/code/Npm/superman/node_modules/clui/package.json'
90 warn enoent ENOENT: no such file or directory, open '/home/hassane/code/Npm/superman/node_modules/color-convert/package.json'
91 warn enoent ENOENT: no such file or directory, open '/home/hassane/code/Npm/superman/node_modules/color-name/package.json'
92 warn enoent ENOENT: no such file or directory, open '/home/hassane/code/Npm/superman/node_modules/concat-map/package.json'
93 warn enoent ENOENT: no such file or directory, open '/home/hassane/code/Npm/superman/node_modules/configstore/package.json'
94 warn enoent ENOENT: no such file or directory, open '/home/hassane/code/Npm/superman/node_modules/crypto-random-string/package.json'
95 warn enoent ENOENT: no such file or directory, open '/home/hassane/code/Npm/superman/node_modules/d/package.json'
96 warn enoent ENOENT: no such file or directory, open '/home/hassane/code/Npm/superman/node_modules/debug/package.json'
97 warn enoent ENOENT: no such file or directory, open '/home/hassane/code/Npm/superman/node_modules/dot-prop/package.json'
98 warn enoent ENOENT: no such file or directory, open '/home/hassane/code/Npm/superman/node_modules/es5-ext/package.json'
99 warn enoent ENOENT: no such file or directory, open '/home/hassane/code/Npm/superman/node_modules/es6-iterator/package.json'
100 warn enoent ENOENT: no such file or directory, open '/home/hassane/code/Npm/superman/node_modules/es6-promise/package.json'
101 warn enoent ENOENT: no such file or directory, open '/home/hassane/code/Npm/superman/node_modules/es6-promisify/package.json'
102 warn enoent ENOENT: no such file or directory, open '/home/hassane/code/Npm/superman/node_modules/es6-symbol/package.json'
103 warn enoent ENOENT: no such file or directory, open '/home/hassane/code/Npm/superman/node_modules/es6-weak-map/package.json'
104 warn enoent ENOENT: no such file or directory, open '/home/hassane/code/Npm/superman/node_modules/escape-string-regexp/package.json'
105 warn enoent ENOENT: no such file or directory, open '/home/hassane/code/Npm/superman/node_modules/event-emitter/package.json'
106 warn enoent ENOENT: no such file or directory, open '/home/hassane/code/Npm/superman/node_modules/external-editor/package.json'
107 warn enoent ENOENT: no such file or directory, open '/home/hassane/code/Npm/superman/node_modules/figlet/package.json'
108 warn enoent ENOENT: no such file or directory, open '/home/hassane/code/Npm/superman/node_modules/figures/package.json'
109 warn enoent ENOENT: no such file or directory, open '/home/hassane/code/Npm/superman/node_modules/fs.realpath/package.json'
110 warn enoent ENOENT: no such file or directory, open '/home/hassane/code/Npm/superman/node_modules/glob/package.json'
111 warn enoent ENOENT: no such file or directory, open '/home/hassane/code/Npm/superman/node_modules/graceful-fs/package.json'
112 warn enoent ENOENT: no such file or directory, open '/home/hassane/code/Npm/superman/node_modules/has-flag/package.json'
113 warn enoent ENOENT: no such file or directory, open '/home/hassane/code/Npm/superman/node_modules/http-proxy-agent/package.json'
114 warn enoent ENOENT: no such file or directory, open '/home/hassane/code/Npm/superman/node_modules/https-proxy-agent/package.json'
115 warn enoent ENOENT: no such file or directory, open '/home/hassane/code/Npm/superman/node_modules/iconv-lite/package.json'
116 warn enoent ENOENT: no such file or directory, open '/home/hassane/code/Npm/superman/node_modules/imurmurhash/package.json'
117 warn enoent ENOENT: no such file or directory, open '/home/hassane/code/Npm/superman/node_modules/inflight/package.json'
118 warn enoent ENOENT: no such file or directory, open '/home/hassane/code/Npm/superman/node_modules/inherits/package.json'
119 warn enoent ENOENT: no such file or directory, open '/home/hassane/code/Npm/superman/node_modules/inquirer/package.json'
120 warn enoent ENOENT: no such file or directory, open '/home/hassane/code/Npm/superman/node_modules/interpret/package.json'
121 warn enoent ENOENT: no such file or directory, open '/home/hassane/code/Npm/superman/node_modules/is-fullwidth-code-point/package.json'
122 warn enoent ENOENT: no such file or directory, open '/home/hassane/code/Npm/superman/node_modules/is-obj/package.json'
123 warn enoent ENOENT: no such file or directory, open '/home/hassane/code/Npm/superman/node_modules/is-promise/package.json'
124 warn enoent ENOENT: no such file or directory, open '/home/hassane/code/Npm/superman/node_modules/lodash/package.json'
125 warn enoent ENOENT: no such file or directory, open '/home/hassane/code/Npm/superman/node_modules/lru-queue/package.json'
126 warn enoent ENOENT: no such file or directory, open '/home/hassane/code/Npm/superman/node_modules/make-dir/package.json'
127 warn enoent ENOENT: no such file or directory, open '/home/hassane/code/Npm/superman/node_modules/memoizee/package.json'
128 warn enoent ENOENT: no such file or directory, open '/home/hassane/code/Npm/superman/node_modules/mimic-fn/package.json'
129 warn enoent ENOENT: no such file or directory, open '/home/hassane/code/Npm/superman/node_modules/minimatch/package.json'
130 warn enoent ENOENT: no such file or directory, open '/home/hassane/code/Npm/superman/node_modules/minimist/package.json'
131 warn enoent ENOENT: no such file or directory, open '/home/hassane/code/Npm/superman/node_modules/ms/package.json'
132 warn enoent ENOENT: no such file or directory, open '/home/hassane/code/Npm/superman/node_modules/mute-stream/package.json'
133 warn enoent ENOENT: no such file or directory, open '/home/hassane/code/Npm/superman/node_modules/next-tick/package.json'
134 warn enoent ENOENT: no such file or directory, open '/home/hassane/code/Npm/superman/node_modules/node-fetch/package.json'
135 warn enoent ENOENT: no such file or directory, open '/home/hassane/code/Npm/superman/node_modules/nopt/package.json'
136 warn enoent ENOENT: no such file or directory, open '/home/hassane/code/Npm/superman/node_modules/once/package.json'
137 warn enoent ENOENT: no such file or directory, open '/home/hassane/code/Npm/superman/node_modules/onetime/package.json'
138 warn enoent ENOENT: no such file or directory, open '/home/hassane/code/Npm/superman/node_modules/os-tmpdir/package.json'
139 warn enoent ENOENT: no such file or directory, open '/home/hassane/code/Npm/superman/node_modules/path-is-absolute/package.json'
140 warn enoent ENOENT: no such file or directory, open '/home/hassane/code/Npm/superman/node_modules/path-parse/package.json'
141 warn enoent ENOENT: no such file or directory, open '/home/hassane/code/Npm/superman/node_modules/pify/package.json'
142 warn enoent ENOENT: no such file or directory, open '/home/hassane/code/Npm/superman/node_modules/rechoir/package.json'
143 warn enoent ENOENT: no such file or directory, open '/home/hassane/code/Npm/superman/node_modules/resolve/package.json'
144 warn enoent ENOENT: no such file or directory, open '/home/hassane/code/Npm/superman/node_modules/restore-cursor/package.json'
145 warn enoent ENOENT: no such file or directory, open '/home/hassane/code/Npm/superman/node_modules/run-async/package.json'
146 warn enoent ENOENT: no such file or directory, open '/home/hassane/code/Npm/superman/node_modules/rxjs/package.json'
147 warn enoent ENOENT: no such file or directory, open '/home/hassane/code/Npm/superman/node_modules/safer-buffer/package.json'
148 warn enoent ENOENT: no such file or directory, open '/home/hassane/code/Npm/superman/node_modules/signal-exit/package.json'
149 warn enoent ENOENT: no such file or directory, open '/home/hassane/code/Npm/superman/node_modules/simple-git/package.json'
150 warn enoent ENOENT: no such file or directory, open '/home/hassane/code/Npm/superman/node_modules/string-width/package.json'
151 warn enoent ENOENT: no such file or directory, open '/home/hassane/code/Npm/superman/node_modules/strip-ansi/package.json'
152 warn enoent ENOENT: no such file or directory, open '/home/hassane/code/Npm/superman/node_modules/supports-color/package.json'
153 warn enoent ENOENT: no such file or directory, open '/home/hassane/code/Npm/superman/node_modules/symbol-observable/package.json'
154 warn enoent ENOENT: no such file or directory, open '/home/hassane/code/Npm/superman/node_modules/through/package.json'
155 warn enoent ENOENT: no such file or directory, open '/home/hassane/code/Npm/superman/node_modules/tmp/package.json'
156 warn enoent ENOENT: no such file or directory, open '/home/hassane/code/Npm/superman/node_modules/timers-ext/package.json'
157 warn enoent ENOENT: no such file or directory, open '/home/hassane/code/Npm/superman/node_modules/touch/package.json'
158 warn enoent ENOENT: no such file or directory, open '/home/hassane/code/Npm/superman/node_modules/unique-string/package.json'
159 warn enoent ENOENT: no such file or directory, open '/home/hassane/code/Npm/superman/node_modules/url-template/package.json'
160 warn enoent ENOENT: no such file or directory, open '/home/hassane/code/Npm/superman/node_modules/wrappy/package.json'
161 warn enoent ENOENT: no such file or directory, open '/home/hassane/code/Npm/superman/node_modules/write-file-atomic/package.json'
162 warn enoent ENOENT: no such file or directory, open '/home/hassane/code/Npm/superman/node_modules/xdg-basedir/package.json'
163 info build /usr/local/lib/node_modules/Superman
164 info linkStuff Superman@0.0.1
165 silly linkStuff Superman@0.0.1 has /usr/local/lib/node_modules as its parent node_modules
166 silly linkStuff Superman@0.0.1 is part of a global install
167 silly linkStuff Superman@0.0.1 is installed into a global node_modules
168 silly linkStuff Superman@0.0.1 is installed into the top-level global node_modules
169 verbose linkBins Superman@0.0.1
170 verbose link bins [ { superman: 'bin/superman' }, '/usr/local/bin', true ]
171 verbose linkMans Superman@0.0.1
172 silly gentlyRm /usr/local/bin/superman is being gently removed
173 silly isEverInside /usr/local/bin/superman is not inside /home/hassane/code/Npm/superman
174 silly isEverInside /usr/local/lib/node_modules/superman/bin/superman is not inside /home/hassane/code/Npm/superman
175 silly isEverInside /usr/local/bin/superman is not inside /home/hassane/code/Npm/superman
176 silly isEverInside /usr/local/lib/node_modules/superman/bin/superman is not inside /home/hassane/code/Npm/superman
177 silly gentlyRm parent.path = /home/hassane/code/Npm/superman
178 silly gentlyRm parent.managed = /home/hassane/code/Npm/superman is in /home/hassane/code/Npm/superman
179 silly gentlyRm target.path =  /usr/local/bin/superman
180 silly gentlyRm target.symlink = ../lib/node_modules/superman/bin/superman
181 silly gentlyRm target.managed = /usr/local/bin/superman is in /usr/local
182 silly gentlyRm target.inParent =  false
183 warn gentlyRm not removing /usr/local/bin/superman as it wasn't installed by /home/hassane/code/Npm/superman
184 verbose stack Error: EEXIST: file already exists, symlink '../lib/node_modules/Superman/bin/superman' -> '/usr/local/bin/superman'
185 verbose cwd /home/hassane/code/Npm/superman
186 error Linux 4.15.0-20-generic
187 error argv "/usr/bin/node" "/usr/local/bin/npm" "link"
188 error node v8.10.0
189 error npm  v3.5.2
190 error path ../lib/node_modules/Superman/bin/superman
191 error code EEXIST
192 error errno -17
193 error syscall symlink
194 error EEXIST: file already exists, symlink '../lib/node_modules/Superman/bin/superman' -> '/usr/local/bin/superman'
195 error File exists: ../lib/node_modules/Superman/bin/superman
196 error Move it away, and try again.
197 verbose exit [ -17, true ]
